

Processing RatingController#index (for 98.84.98.50 at 2011-02-17 10:23:00) [GET]
Rendering template within layouts/rating
Rendering rating/index
Completed in 140ms (View: 139, DB: 0) | 200 OK [http://nflqb.crackpot.ws/]


Processing RatingController#index (for 98.84.98.50 at 2011-02-17 10:23:21) [POST]
  Parameters: {"rating"=>{"interceptions"=>"0", "completions"=>"18", "touchdowns"=>"5", "yards"=>"371", "attempts"=>"23"}, "commit"=>"Calculate!", "authenticity_token"=>"X13lKfINyhCoOKVui3z6YM7IupystVg47DpKaOUv6uY="}
Rendering template within layouts/rating
Rendering rating/index
Completed in 7ms (View: 6, DB: 0) | 200 OK [http://nflqb.crackpot.ws/]


Processing RatingController#index (for 98.84.98.50 at 2011-02-17 10:23:36) [POST]
  Parameters: {"rating"=>{"interceptions"=>"15", "completions"=>"255", "touchdowns"=>"23", "yards"=>"3000", "attempts"=>"441"}, "commit"=>"Calculate!", "authenticity_token"=>"X13lKfINyhCoOKVui3z6YM7IupystVg47DpKaOUv6uY="}
Rendering template within layouts/rating
Rendering rating/index
Completed in 7ms (View: 6, DB: 0) | 200 OK [http://nflqb.crackpot.ws/]


Processing RatingController#index (for 98.84.98.50 at 2011-02-17 20:43:33) [GET]
Rendering template within layouts/rating
Rendering rating/index
Completed in 164ms (View: 162, DB: 0) | 200 OK [http://nflqb.crackpot.ws/]


Processing RatingController#index (for 98.84.98.50 at 2011-02-18 01:44:52) [GET]
Rendering template within layouts/rating
Rendering rating/index
Completed in 48ms (View: 47, DB: 0) | 200 OK [http://nflqb.crackpot.ws/]


Processing RatingController#index (for 98.84.98.50 at 2011-02-18 01:47:20) [GET]
Rendering template within layouts/rating
Rendering rating/index
Completed in 18ms (View: 17, DB: 0) | 200 OK [http://nflqb.crackpot.ws/]


Processing RatingController#index (for 98.84.98.50 at 2011-02-18 01:48:00) [GET]
Rendering template within layouts/rating
Rendering rating/index
Completed in 17ms (View: 17, DB: 0) | 200 OK [http://nflqb.crackpot.ws/]


Processing RatingController#index (for 98.84.98.50 at 2011-02-18 01:50:07) [GET]
Rendering template within layouts/rating
Rendering rating/index
Completed in 17ms (View: 17, DB: 0) | 200 OK [http://nflqb.crackpot.ws/]


Processing RatingController#index (for 128.242.241.122 at 2011-02-18 02:50:28) [GET]
Rendering template within layouts/rating
Rendering rating/index
Completed in 187ms (View: 148, DB: 0) | 200 OK [http://nflqb.crackpot.ws/]


Processing RatingController#index (for 199.59.149.22 at 2011-02-18 02:50:28) [GET]
Rendering template within layouts/rating
Rendering rating/index
Completed in 122ms (View: 121, DB: 0) | 200 OK [http://nflqb.crackpot.ws/]


Processing RatingController#index (for 67.195.114.59 at 2011-02-18 02:50:28) [GET]
Rendering template within layouts/rating
Rendering rating/index
Completed in 54ms (View: 54, DB: 0) | 200 OK [http://nflqb.crackpot.ws/]


Processing RatingController#index (for 65.52.4.133 at 2011-02-18 02:50:28) [GET]
Rendering template within layouts/rating
Rendering rating/index
Completed in 138ms (View: 138, DB: 0) | 200 OK [http://nflqb.crackpot.ws/]


Processing RatingController#index (for 65.52.19.32 at 2011-02-18 02:50:28) [GET]
Rendering template within layouts/rating
Rendering rating/index
Completed in 144ms (View: 144, DB: 0) | 200 OK [http://nflqb.crackpot.ws/]


Processing RatingController#index (for 38.113.234.180 at 2011-02-18 02:50:28) [GET]
Rendering template within layouts/rating
Rendering rating/index
Completed in 143ms (View: 141, DB: 0) | 200 OK [http://nflqb.crackpot.ws/]


Processing RatingController#index (for 66.249.67.136 at 2011-02-18 02:50:28) [GET]
Rendering template within layouts/rating
Rendering rating/index
Completed in 185ms (View: 185, DB: 0) | 200 OK [http://nflqb.crackpot.ws/]


Processing RatingController#index (for 38.113.234.180 at 2011-02-18 02:50:29) [GET]
Rendering template within layouts/rating
Rendering rating/index
Completed in 97ms (View: 97, DB: 0) | 200 OK [http://nflqb.crackpot.ws/]


Processing RatingController#index (for 84.49.220.197 at 2011-02-18 02:50:29) [GET]
Rendering template within layouts/rating
Rendering rating/index
Completed in 50ms (View: 48, DB: 0) | 200 OK [http://nflqb.crackpot.ws/]


Processing RatingController#index (for 72.30.142.222 at 2011-02-18 02:50:30) [GET]
Rendering template within layouts/rating
Rendering rating/index
Completed in 21ms (View: 21, DB: 0) | 200 OK [http://nflqb.crackpot.ws/]


Processing RatingController#index (for 72.30.142.222 at 2011-02-18 02:50:30) [GET]
Rendering template within layouts/rating
Rendering rating/index
Completed in 24ms (View: 23, DB: 0) | 200 OK [http://nflqb.crackpot.ws/]


Processing RatingController#index (for 74.112.128.60 at 2011-02-18 02:50:42) [GET]
Rendering template within layouts/rating
Rendering rating/index
Completed in 18ms (View: 18, DB: 0) | 200 OK [http://nflqb.crackpot.ws/]


Processing RatingController#index (for 184.73.241.30 at 2011-02-18 02:50:47) [GET]
Rendering template within layouts/rating
Rendering rating/index
Completed in 18ms (View: 18, DB: 0) | 200 OK [http://nflqb.crackpot.ws/]


Processing RatingController#index (for 65.52.58.121 at 2011-02-18 02:50:49) [GET]
Rendering template within layouts/rating
Rendering rating/index
Completed in 14ms (View: 14, DB: 0) | 200 OK [http://nflqb.crackpot.ws/]


Processing RatingController#index (for 65.52.54.253 at 2011-02-18 02:50:49) [GET]
Rendering template within layouts/rating
Rendering rating/index
Completed in 12ms (View: 12, DB: 0) | 200 OK [http://nflqb.crackpot.ws/]


Processing RatingController#index (for 50.16.20.4 at 2011-02-18 02:51:07) [GET]
Rendering template within layouts/rating
Rendering rating/index
Completed in 187ms (View: 187, DB: 0) | 200 OK [http://nflqb.crackpot.ws/]


Processing RatingController#index (for 204.236.254.109 at 2011-02-18 02:51:09) [GET]
Rendering template within layouts/rating
Rendering rating/index
Completed in 16ms (View: 16, DB: 0) | 200 OK [http://nflqb.crackpot.ws/]


Processing RatingController#index (for 89.151.99.94 at 2011-02-18 02:52:57) [GET]
Rendering template within layouts/rating
Rendering rating/index
Completed in 18ms (View: 18, DB: 0) | 200 OK [http://nflqb.crackpot.ws/]


Processing RatingController#index (for 89.151.99.94 at 2011-02-18 02:53:04) [GET]
Rendering template within layouts/rating
Rendering rating/index
Completed in 1812ms (View: 1812, DB: 0) | 200 OK [http://nflqb.crackpot.ws/]


Processing RatingController#index (for 216.24.131.119 at 2011-02-18 02:56:20) [GET]
Rendering template within layouts/rating
Rendering rating/index
Completed in 46ms (View: 45, DB: 0) | 200 OK [http://nflqb.crackpot.ws/]


Processing RatingController#index (for 72.13.91.42 at 2011-02-18 03:12:02) [GET]
Rendering template within layouts/rating
Rendering rating/index
Completed in 52ms (View: 52, DB: 0) | 200 OK [http://nflqb.crackpot.ws/]


Processing RatingController#index (for 84.49.220.197 at 2011-02-18 03:50:31) [GET]
Rendering template within layouts/rating
Rendering rating/index
Completed in 12ms (View: 12, DB: 0) | 200 OK [http://nflqb.crackpot.ws/]


Processing RatingController#index (for 67.195.114.59 at 2011-02-18 04:05:54) [GET]
Rendering template within layouts/rating
Rendering rating/index
Completed in 124ms (View: 123, DB: 0) | 200 OK [http://nflqb.crackpot.ws/]


Processing RatingController#index (for 184.72.94.177 at 2011-02-18 04:21:15) [GET]
Rendering template within layouts/rating
Rendering rating/index
Completed in 122ms (View: 121, DB: 0) | 200 OK [http://nflqb.crackpot.ws/]


Processing RatingController#index (for 184.72.94.177 at 2011-02-18 04:21:15) [GET]
Rendering template within layouts/rating
Rendering rating/index
Completed in 18ms (View: 17, DB: 0) | 200 OK [http://nflqb.crackpot.ws/]


Processing RatingController#index (for 94.228.34.235 at 2011-02-18 05:30:22) [GET]
Rendering template within layouts/rating
Rendering rating/index
Completed in 18ms (View: 18, DB: 0) | 200 OK [http://nflqb.crackpot.ws/]


Processing RatingController#index (for 184.73.30.153 at 2011-02-18 06:45:26) [GET]
Rendering template within layouts/rating
Rendering rating/index
Completed in 197ms (View: 196, DB: 0) | 200 OK [http://nflqb.crackpot.ws/]


Processing RatingController#index (for 66.249.67.136 at 2011-02-19 08:15:50) [GET]
Rendering template within layouts/rating
Rendering rating/index

ActionView::TemplateError (undefined method `[]' for nil:NilClass) on line #50 of app/views/rating/index.html.erb:
47: 		<td width="50%" valign="top" align="center">
48: 			<div id="results-perfect" style="display:none;padding:20px;width:95%;margin-top:13px;">
49: 				<div style="display:inline;margin:0;padding:0;"><%= image_tag("checkmark-green.png", :align => 'middle', :border => 0) %></div>
50: 				<div style="display:inline;margin:0;padding:0;float:right;"><em>Your passer rating is...</em><br /><span style="font-size:64px;font-weight:bolder;text-shadow:gray 0.1em 0.1em 0.2em"><%= @results[:passer_rating] %></span></div>
51: 				<br /><br />
52: 				<div style="display:block;text-align:center;color:#000000;font-size:10px;margin:0;padding:0;">
53: 					<span style="height:15px;width:45px;background:#003972;border:1px solid #000000;">&nbsp;&nbsp;&nbsp;</span> = Regular Rating&nbsp;&nbsp;

    app/views/rating/index.html.erb:50
    passenger (3.0.2) lib/phusion_passenger/rack/request_handler.rb:96:in `process_request'
    passenger (3.0.2) lib/phusion_passenger/abstract_request_handler.rb:513:in `accept_and_process_next_request'
    passenger (3.0.2) lib/phusion_passenger/abstract_request_handler.rb:274:in `main_loop'
    passenger (3.0.2) lib/phusion_passenger/classic_rails/application_spawner.rb:321:in `start_request_handler'
    passenger (3.0.2) lib/phusion_passenger/classic_rails/application_spawner.rb:275:in `send'
    passenger (3.0.2) lib/phusion_passenger/classic_rails/application_spawner.rb:275:in `handle_spawn_application'
    passenger (3.0.2) lib/phusion_passenger/utils.rb:479:in `safe_fork'
    passenger (3.0.2) lib/phusion_passenger/classic_rails/application_spawner.rb:270:in `handle_spawn_application'
    passenger (3.0.2) lib/phusion_passenger/abstract_server.rb:357:in `__send__'
    passenger (3.0.2) lib/phusion_passenger/abstract_server.rb:357:in `server_main_loop'
    passenger (3.0.2) lib/phusion_passenger/abstract_server.rb:206:in `start_synchronously'
    passenger (3.0.2) lib/phusion_passenger/abstract_server.rb:180:in `start'
    passenger (3.0.2) lib/phusion_passenger/classic_rails/application_spawner.rb:149:in `start'
    passenger (3.0.2) lib/phusion_passenger/spawn_manager.rb:219:in `spawn_rails_application'
    passenger (3.0.2) lib/phusion_passenger/abstract_server_collection.rb:132:in `lookup_or_add'
    passenger (3.0.2) lib/phusion_passenger/spawn_manager.rb:214:in `spawn_rails_application'
    passenger (3.0.2) lib/phusion_passenger/abstract_server_collection.rb:82:in `synchronize'
    passenger (3.0.2) lib/phusion_passenger/abstract_server_collection.rb:79:in `synchronize'
    passenger (3.0.2) lib/phusion_passenger/spawn_manager.rb:213:in `spawn_rails_application'
    passenger (3.0.2) lib/phusion_passenger/spawn_manager.rb:132:in `spawn_application'
    passenger (3.0.2) lib/phusion_passenger/spawn_manager.rb:275:in `handle_spawn_application'
    passenger (3.0.2) lib/phusion_passenger/abstract_server.rb:357:in `__send__'
    passenger (3.0.2) lib/phusion_passenger/abstract_server.rb:357:in `server_main_loop'
    passenger (3.0.2) lib/phusion_passenger/abstract_server.rb:206:in `start_synchronously'
    passenger (3.0.2) helper-scripts/passenger-spawn-server:99

Rendering /home/cr4ckp0t/rails/nflqb/public/500.html (500 Internal Server Error)


Processing RatingController#index (for 72.218.217.163 at 2011-02-19 13:39:58) [GET]
Rendering template within layouts/rating
Rendering rating/index

ActionView::TemplateError (undefined method `[]' for nil:NilClass) on line #50 of app/views/rating/index.html.erb:
47: 		<td width="50%" valign="top" align="center">
48: 			<div id="results-perfect" style="display:none;padding:20px;width:95%;margin-top:13px;">
49: 				<div style="display:inline;margin:0;padding:0;"><%= image_tag("checkmark-green.png", :align => 'middle', :border => 0) %></div>
50: 				<div style="display:inline;margin:0;padding:0;float:right;"><em>Your passer rating is...</em><br /><span style="font-size:64px;font-weight:bolder;text-shadow:gray 0.1em 0.1em 0.2em"><%= @results[:passer_rating] %></span></div>
51: 				<br /><br />
52: 				<div style="display:block;text-align:center;color:#000000;font-size:10px;margin:0;padding:0;">
53: 					<span style="height:15px;width:45px;background:#003972;border:1px solid #000000;">&nbsp;&nbsp;&nbsp;</span> = Regular Rating&nbsp;&nbsp;

    app/views/rating/index.html.erb:50
    passenger (3.0.2) lib/phusion_passenger/rack/request_handler.rb:96:in `process_request'
    passenger (3.0.2) lib/phusion_passenger/abstract_request_handler.rb:513:in `accept_and_process_next_request'
    passenger (3.0.2) lib/phusion_passenger/abstract_request_handler.rb:274:in `main_loop'
    passenger (3.0.2) lib/phusion_passenger/classic_rails/application_spawner.rb:321:in `start_request_handler'
    passenger (3.0.2) lib/phusion_passenger/classic_rails/application_spawner.rb:275:in `send'
    passenger (3.0.2) lib/phusion_passenger/classic_rails/application_spawner.rb:275:in `handle_spawn_application'
    passenger (3.0.2) lib/phusion_passenger/utils.rb:479:in `safe_fork'
    passenger (3.0.2) lib/phusion_passenger/classic_rails/application_spawner.rb:270:in `handle_spawn_application'
    passenger (3.0.2) lib/phusion_passenger/abstract_server.rb:357:in `__send__'
    passenger (3.0.2) lib/phusion_passenger/abstract_server.rb:357:in `server_main_loop'
    passenger (3.0.2) lib/phusion_passenger/abstract_server.rb:206:in `start_synchronously'
    passenger (3.0.2) lib/phusion_passenger/abstract_server.rb:180:in `start'
    passenger (3.0.2) lib/phusion_passenger/classic_rails/application_spawner.rb:149:in `start'
    passenger (3.0.2) lib/phusion_passenger/spawn_manager.rb:219:in `spawn_rails_application'
    passenger (3.0.2) lib/phusion_passenger/abstract_server_collection.rb:132:in `lookup_or_add'
    passenger (3.0.2) lib/phusion_passenger/spawn_manager.rb:214:in `spawn_rails_application'
    passenger (3.0.2) lib/phusion_passenger/abstract_server_collection.rb:82:in `synchronize'
    passenger (3.0.2) lib/phusion_passenger/abstract_server_collection.rb:79:in `synchronize'
    passenger (3.0.2) lib/phusion_passenger/spawn_manager.rb:213:in `spawn_rails_application'
    passenger (3.0.2) lib/phusion_passenger/spawn_manager.rb:132:in `spawn_application'
    passenger (3.0.2) lib/phusion_passenger/spawn_manager.rb:275:in `handle_spawn_application'
    passenger (3.0.2) lib/phusion_passenger/abstract_server.rb:357:in `__send__'
    passenger (3.0.2) lib/phusion_passenger/abstract_server.rb:357:in `server_main_loop'
    passenger (3.0.2) lib/phusion_passenger/abstract_server.rb:206:in `start_synchronously'
    passenger (3.0.2) helper-scripts/passenger-spawn-server:99

Rendering /home/cr4ckp0t/rails/nflqb/public/500.html (500 Internal Server Error)


Processing RatingController#index (for 66.249.67.136 at 2011-02-19 15:21:40) [GET]
Rendering template within layouts/rating
Rendering rating/index

ActionView::TemplateError (undefined method `[]' for nil:NilClass) on line #50 of app/views/rating/index.html.erb:
47: 		<td width="50%" valign="top" align="center">
48: 			<div id="results-perfect" style="display:none;padding:20px;width:95%;margin-top:13px;">
49: 				<div style="display:inline;margin:0;padding:0;"><%= image_tag("checkmark-green.png", :align => 'middle', :border => 0) %></div>
50: 				<div style="display:inline;margin:0;padding:0;float:right;"><em>Your passer rating is...</em><br /><span style="font-size:64px;font-weight:bolder;text-shadow:gray 0.1em 0.1em 0.2em"><%= @results[:passer_rating] %></span></div>
51: 				<br /><br />
52: 				<div style="display:block;text-align:center;color:#000000;font-size:10px;margin:0;padding:0;">
53: 					<span style="height:15px;width:45px;background:#003972;border:1px solid #000000;">&nbsp;&nbsp;&nbsp;</span> = Regular Rating&nbsp;&nbsp;

    app/views/rating/index.html.erb:50
    passenger (3.0.2) lib/phusion_passenger/rack/request_handler.rb:96:in `process_request'
    passenger (3.0.2) lib/phusion_passenger/abstract_request_handler.rb:513:in `accept_and_process_next_request'
    passenger (3.0.2) lib/phusion_passenger/abstract_request_handler.rb:274:in `main_loop'
    passenger (3.0.2) lib/phusion_passenger/classic_rails/application_spawner.rb:321:in `start_request_handler'
    passenger (3.0.2) lib/phusion_passenger/classic_rails/application_spawner.rb:275:in `send'
    passenger (3.0.2) lib/phusion_passenger/classic_rails/application_spawner.rb:275:in `handle_spawn_application'
    passenger (3.0.2) lib/phusion_passenger/utils.rb:479:in `safe_fork'
    passenger (3.0.2) lib/phusion_passenger/classic_rails/application_spawner.rb:270:in `handle_spawn_application'
    passenger (3.0.2) lib/phusion_passenger/abstract_server.rb:357:in `__send__'
    passenger (3.0.2) lib/phusion_passenger/abstract_server.rb:357:in `server_main_loop'
    passenger (3.0.2) lib/phusion_passenger/abstract_server.rb:206:in `start_synchronously'
    passenger (3.0.2) lib/phusion_passenger/abstract_server.rb:180:in `start'
    passenger (3.0.2) lib/phusion_passenger/classic_rails/application_spawner.rb:149:in `start'
    passenger (3.0.2) lib/phusion_passenger/spawn_manager.rb:219:in `spawn_rails_application'
    passenger (3.0.2) lib/phusion_passenger/abstract_server_collection.rb:132:in `lookup_or_add'
    passenger (3.0.2) lib/phusion_passenger/spawn_manager.rb:214:in `spawn_rails_application'
    passenger (3.0.2) lib/phusion_passenger/abstract_server_collection.rb:82:in `synchronize'
    passenger (3.0.2) lib/phusion_passenger/abstract_server_collection.rb:79:in `synchronize'
    passenger (3.0.2) lib/phusion_passenger/spawn_manager.rb:213:in `spawn_rails_application'
    passenger (3.0.2) lib/phusion_passenger/spawn_manager.rb:132:in `spawn_application'
    passenger (3.0.2) lib/phusion_passenger/spawn_manager.rb:275:in `handle_spawn_application'
    passenger (3.0.2) lib/phusion_passenger/abstract_server.rb:357:in `__send__'
    passenger (3.0.2) lib/phusion_passenger/abstract_server.rb:357:in `server_main_loop'
    passenger (3.0.2) lib/phusion_passenger/abstract_server.rb:206:in `start_synchronously'
    passenger (3.0.2) helper-scripts/passenger-spawn-server:99

Rendering /home/cr4ckp0t/rails/nflqb/public/500.html (500 Internal Server Error)


Processing RatingController#index (for 66.249.67.136 at 2011-02-19 22:34:59) [GET]
Rendering template within layouts/rating
Rendering rating/index
Completed in 50ms (View: 48, DB: 0) | 200 OK [http://nflqb.crackpot.ws/]
